<?xml version="1.0" encoding="UTF-8"?>
<testng-results skipped="0" failed="0" total="5" passed="5">
  <reporter-output>
  </reporter-output>
  <suite name="com.mmit.integracion.equipos.EquiposDAONGTest" duration-ms="5" started-at="2018-03-24T16:09:51Z" finished-at="2018-03-24T16:09:51Z">
    <groups>
    </groups>
    <test name="Command line test 29d5ec0c-09e6-4e87-a423-042ca03d04a6" duration-ms="5" started-at="2018-03-24T16:09:51Z" finished-at="2018-03-24T16:09:51Z">
      <class name="com.mmit.integracion.equipos.EquiposDAONGTest">
        <test-method status="PASS" signature="testListarEquipos()[pri:0, instance:com.mmit.integracion.equipos.EquiposDAONGTest@47f37ef1]" name="testListarEquipos" duration-ms="5" started-at="2018-03-24T17:09:51Z" finished-at="2018-03-24T17:09:51Z">
          <reporter-output>
          </reporter-output>
        </test-method> <!-- testListarEquipos -->
      </class> <!-- com.mmit.integracion.equipos.EquiposDAONGTest -->
    </test> <!-- Command line test 29d5ec0c-09e6-4e87-a423-042ca03d04a6 -->
  </suite> <!-- com.mmit.integracion.equipos.EquiposDAONGTest -->
  <suite name="com.mmit.integracion.Conexion.ConexionNGTest" duration-ms="187" started-at="2018-03-24T16:09:50Z" finished-at="2018-03-24T16:09:51Z">
    <groups>
    </groups>
    <test name="Command line test 264fbc23-8837-447a-92ea-e556326647ec" duration-ms="187" started-at="2018-03-24T16:09:50Z" finished-at="2018-03-24T16:09:51Z">
      <class name="com.mmit.integracion.Conexion.ConexionNGTest">
        <test-method status="PASS" signature="testAbrir()[pri:0, instance:com.mmit.integracion.Conexion.ConexionNGTest@66048bfd]" name="testAbrir" duration-ms="169" started-at="2018-03-24T17:09:50Z" finished-at="2018-03-24T17:09:51Z">
          <reporter-output>
          </reporter-output>
        </test-method> <!-- testAbrir -->
        <test-method status="PASS" signature="testCerrar()[pri:0, instance:com.mmit.integracion.Conexion.ConexionNGTest@66048bfd]" name="testCerrar" duration-ms="0" started-at="2018-03-24T17:09:51Z" finished-at="2018-03-24T17:09:51Z">
          <reporter-output>
          </reporter-output>
        </test-method> <!-- testCerrar -->
        <test-method status="PASS" signature="testGetConexion()[pri:0, instance:com.mmit.integracion.Conexion.ConexionNGTest@66048bfd]" name="testGetConexion" duration-ms="2" started-at="2018-03-24T17:09:51Z" finished-at="2018-03-24T17:09:51Z">
          <reporter-output>
          </reporter-output>
        </test-method> <!-- testGetConexion -->
        <test-method status="PASS" signature="testGetResource()[pri:0, instance:com.mmit.integracion.Conexion.ConexionNGTest@66048bfd]" name="testGetResource" duration-ms="6" started-at="2018-03-24T17:09:51Z" finished-at="2018-03-24T17:09:51Z">
          <reporter-output>
          </reporter-output>
        </test-method> <!-- testGetResource -->
      </class> <!-- com.mmit.integracion.Conexion.ConexionNGTest -->
    </test> <!-- Command line test 264fbc23-8837-447a-92ea-e556326647ec -->
  </suite> <!-- com.mmit.integracion.Conexion.ConexionNGTest -->
</testng-results>
