<?xml version="1.0" encoding="UTF-8"?>
<!-- Generated by org.testng.reporters.JUnitXMLReporter -->
<testsuite hostname="DESKTOP-8IEMUER" name="Command line test" tests="11" failures="0" timestamp="17 Mar 2018 19:56:33 GMT" time="0.266" errors="0">
  <testcase name="TestCalculaAreaConSuma" time="0.007" classname="launcher.CuadradoNGIntegracionTest"/>
  <testcase name="TestCalculaPerimetroConMultiplicacion" time="0.0" classname="launcher.CuadradoNGIntegracionTest"/>
  <testcase name="testCalcularArea" time="0.0" classname="launcher.CuadradoUnitarioTest"/>
  <testcase name="testCalcularPerimetro" time="0.0" classname="launcher.CuadradoUnitarioTest"/>
  <testcase name="testErrorCalcularPerimetro" time="0.001" classname="launcher.CuadradoUnitarioTest"/>
  <testcase name="testNoCalcularArea" time="0.0" classname="launcher.CuadradoUnitarioTest"/>
  <testcase name="testRead" time="0.164" classname="launcher.DatosNGTest"/>
  <testcase name="testReadError" time="0.001" classname="launcher.DatosNGTest"/>
  <testcase name="testWrite" time="0.08" classname="launcher.DatosNGTest"/>
  <testcase name="testCalculaArea" time="0.001" classname="launcher.TrianguloUnitarioTest"/>
  <testcase name="testErrorCalculaArea" time="0.0" classname="launcher.TrianguloUnitarioTest"/>
</testsuite> <!-- Command line test -->
