<?xml version="1.0" encoding="UTF-8"?>
<!-- Generated by org.testng.reporters.JUnitXMLReporter -->
<testsuite hostname="DESKTOP-8IEMUER" name="Command line test" tests="8" failures="0" timestamp="16 Mar 2018 09:32:57 GMT" time="0.02" errors="0">
  <testcase name="TestCalculaAreaConSuma" time="0.008" classname="launcher.CuadradoNGIntegracionTest"/>
  <testcase name="TestCalculaPerimetroConMultiplicacion" time="0.0" classname="launcher.CuadradoNGIntegracionTest"/>
  <testcase name="testCalcularArea" time="0.001" classname="launcher.CuadradoUnitarioTest"/>
  <testcase name="testCalcularPerimetro" time="0.0" classname="launcher.CuadradoUnitarioTest"/>
  <testcase name="testErrorCalcularPerimetro" time="0.001" classname="launcher.CuadradoUnitarioTest"/>
  <testcase name="testNoCalcularArea" time="0.0" classname="launcher.CuadradoUnitarioTest"/>
  <testcase name="testCalculaArea" time="0.001" classname="launcher.TrianguloUnitarioTest"/>
  <testcase name="testErrorCalculaArea" time="0.001" classname="launcher.TrianguloUnitarioTest"/>
</testsuite> <!-- Command line test -->
