<?xml version="1.0" encoding="UTF-8"?>
<testng-results skipped="0" failed="0" total="3" passed="3">
  <reporter-output>
  </reporter-output>
  <suite name="launcher.DatosNGTest" duration-ms="308" started-at="2018-03-17T19:56:41Z" finished-at="2018-03-17T19:56:42Z">
    <groups>
    </groups>
    <test name="Command line test" duration-ms="308" started-at="2018-03-17T19:56:41Z" finished-at="2018-03-17T19:56:42Z">
      <class name="launcher.DatosNGTest">
        <test-method status="PASS" signature="testRead()[pri:0, instance:launcher.DatosNGTest@256216b3]" name="testRead" duration-ms="172" started-at="2018-03-17T20:56:41Z" finished-at="2018-03-17T20:56:41Z">
          <reporter-output>
          </reporter-output>
        </test-method> <!-- testRead -->
        <test-method status="PASS" signature="testReadError()[pri:0, instance:launcher.DatosNGTest@256216b3]" name="testReadError" duration-ms="1" started-at="2018-03-17T20:56:41Z" finished-at="2018-03-17T20:56:41Z">
          <reporter-output>
          </reporter-output>
        </test-method> <!-- testReadError -->
        <test-method status="PASS" signature="testWrite()[pri:0, instance:launcher.DatosNGTest@256216b3]" name="testWrite" duration-ms="126" started-at="2018-03-17T20:56:41Z" finished-at="2018-03-17T20:56:42Z">
          <reporter-output>
          </reporter-output>
        </test-method> <!-- testWrite -->
      </class> <!-- launcher.DatosNGTest -->
    </test> <!-- Command line test -->
  </suite> <!-- launcher.DatosNGTest -->
</testng-results>
