<?xml version="1.0" encoding="UTF-8"?>
<!-- Generated by org.testng.reporters.JUnitXMLReporter -->
<testsuite hostname="DESKTOP-8IEMUER" name="Command line test 88dafb9e-59db-4b77-8647-1c1a7c4248a8" tests="4" failures="0" timestamp="24 Mar 2018 12:42:54 GMT" time="0.181" errors="0">
  <testcase name="testAbrir" time="0.161" classname="com.mmit.integracion.Conexion.ConexionNGTest"/>
  <testcase name="testCerrar" time="0.0" classname="com.mmit.integracion.Conexion.ConexionNGTest"/>
  <testcase name="testGetConexion" time="0.002" classname="com.mmit.integracion.Conexion.ConexionNGTest"/>
  <testcase name="testGetResource" time="0.006" classname="com.mmit.integracion.Conexion.ConexionNGTest"/>
</testsuite> <!-- Command line test 88dafb9e-59db-4b77-8647-1c1a7c4248a8 -->
