<?xml version="1.0" encoding="UTF-8"?>
<!-- Generated by org.testng.reporters.JUnitXMLReporter -->
<testsuite hostname="DESKTOP-8IEMUER" name="Command line test 264fbc23-8837-447a-92ea-e556326647ec" tests="4" failures="0" timestamp="24 Mar 2018 16:09:51 GMT" time="0.187" errors="0">
  <testcase name="testAbrir" time="0.169" classname="com.mmit.integracion.Conexion.ConexionNGTest"/>
  <testcase name="testCerrar" time="0.0" classname="com.mmit.integracion.Conexion.ConexionNGTest"/>
  <testcase name="testGetConexion" time="0.002" classname="com.mmit.integracion.Conexion.ConexionNGTest"/>
  <testcase name="testGetResource" time="0.006" classname="com.mmit.integracion.Conexion.ConexionNGTest"/>
</testsuite> <!-- Command line test 264fbc23-8837-447a-92ea-e556326647ec -->
