<?xml version="1.0" encoding="UTF-8"?>
<!-- Generated by org.testng.reporters.JUnitXMLReporter -->
<testsuite hostname="DESKTOP-8IEMUER" name="Command line test e5c8236e-4ee0-4873-888c-b96a729d0c93" tests="4" failures="0" timestamp="24 Mar 2018 19:03:24 GMT" time="0.197" errors="0">
  <testcase name="testAbrir" time="0.177" classname="com.mmit.integracion.Conexion.ConexionNGTest"/>
  <testcase name="testCerrar" time="0.001" classname="com.mmit.integracion.Conexion.ConexionNGTest"/>
  <testcase name="testGetConexion" time="0.002" classname="com.mmit.integracion.Conexion.ConexionNGTest"/>
  <testcase name="testGetResource" time="0.007" classname="com.mmit.integracion.Conexion.ConexionNGTest"/>
</testsuite> <!-- Command line test e5c8236e-4ee0-4873-888c-b96a729d0c93 -->
