<?xml version="1.0" encoding="UTF-8"?>
<!-- Generated by org.testng.reporters.JUnitXMLReporter -->
<testsuite hostname="DESKTOP-8IEMUER" name="Command line test" tests="4" failures="0" timestamp="18 Mar 2018 14:21:14 GMT" time="0.342" errors="0">
  <testcase name="testRead" time="0.173" classname="launcher.DatosNGTest"/>
  <testcase name="testReadError" time="0.002" classname="launcher.DatosNGTest"/>
  <testcase name="testReadWrite" time="0.085" classname="launcher.DatosNGTest"/>
  <testcase name="testWrite" time="0.074" classname="launcher.DatosNGTest"/>
</testsuite> <!-- Command line test -->
