<?xml version="1.0" encoding="UTF-8"?>
<!-- Generated by org.testng.reporters.JUnitXMLReporter -->
<testsuite hostname="DESKTOP-8IEMUER" name="Command line test" tests="3" failures="0" timestamp="17 Mar 2018 19:56:42 GMT" time="0.308" errors="0">
  <testcase name="testRead" time="0.172" classname="launcher.DatosNGTest"/>
  <testcase name="testReadError" time="0.001" classname="launcher.DatosNGTest"/>
  <testcase name="testWrite" time="0.126" classname="launcher.DatosNGTest"/>
</testsuite> <!-- Command line test -->
